C:\Users\vijju\AppData\Local\Packages\microsoft.windowscommunicationsapps_8wekyb3d8bbwe\LocalState\Files\S0\4\Attachments\development.1[35].dwg,Layout1,20-07-2023 22:53:53,vijju,DWG To PDF.pc3,ISO A4 (297.00 x 210.00 MM),1:1,
C:\Users\vijju\AppData\Local\Packages\microsoft.windowscommunicationsapps_8wekyb3d8bbwe\LocalState\Files\S0\4\Attachments\development.2[36].dwg,Layout2,20-07-2023 22:55:12,vijju,DWG To PDF.pc3,ISO A4 (297.00 x 210.00 MM),1:1,
C:\Users\vijju\AppData\Local\Packages\microsoft.windowscommunicationsapps_8wekyb3d8bbwe\LocalState\Files\S0\4\Attachments\Planes 2[27].dwg,Layout2,20-07-2023 22:56:46,vijju,DWG To PDF.pc3,ISO A4 (297.00 x 210.00 MM),1:1,
C:\Users\vijju\AppData\Local\Packages\microsoft.windowscommunicationsapps_8wekyb3d8bbwe\LocalState\Files\S0\4\Attachments\planes1[26].dwg,Layout2,20-07-2023 22:57:35,vijju,DWG To PDF.pc3,ISO A4 (297.00 x 210.00 MM),1:1,
C:\Users\vijju\AppData\Local\Packages\microsoft.windowscommunicationsapps_8wekyb3d8bbwe\LocalState\Files\S0\4\Attachments\solid 3[32].dwg,Layout2,20-07-2023 22:59:07,vijju,DWG To PDF.pc3,ISO A4 (297.00 x 210.00 MM),1:0.0393701,
C:\Users\vijju\AppData\Local\Microsoft\Windows\INetCache\IE\6P216KHG\cone[2].dwg,Layout2,20-07-2023 23:02:20,vijju,DWG To PDF.pc3,ISO A4 (297.00 x 210.00 MM),1:1,
C:\Users\vijju\AppData\Local\Microsoft\Windows\INetCache\IE\6P216KHG\Hexagonal_prism[1].dwg,Layout1,20-07-2023 23:03:07,vijju,DWG To PDF.pc3,ISO A4 (297.00 x 210.00 MM),1:1,
C:\Users\vijju\AppData\Local\Microsoft\Windows\INetCache\IE\6P216KHG\cylinder[1].dwg,Layout1,20-07-2023 23:04:57,vijju,DWG To PDF.pc3,ISO A4 (297.00 x 210.00 MM),1:0.0393701,
C:\Users\vijju\AppData\Local\Microsoft\Windows\INetCache\IE\IH5YYKY4\cylinder[1].dwg,Layout1,20-07-2023 23:06:09,vijju,DWG To PDF.pc3,ISO A4 (297.00 x 210.00 MM),1:0.0393701,
C:\Users\vijju\AppData\Local\Microsoft\Windows\INetCache\IE\6P216KHG\lines1[1].dwg,Layout1,20-07-2023 23:06:57,vijju,DWG To PDF.pc3,ISO A4 (297.00 x 210.00 MM),1:1,
C:\Users\vijju\AppData\Local\Microsoft\Windows\INetCache\IE\Z5R43S0E\lines2[1].dwg,Layout2,20-07-2023 23:07:31,vijju,DWG To PDF.pc3,ISO A4 (297.00 x 210.00 MM),1:1,
C:\Users\vijju\AppData\Local\Microsoft\Windows\INetCache\IE\6PO52LRM\lines3[1].dwg,Layout2,20-07-2023 23:08:04,vijju,DWG To PDF.pc3,ISO A4 (297.00 x 210.00 MM),1:1,
C:\Users\vijju\AppData\Local\Microsoft\Windows\INetCache\IE\6P216KHG\points_2[1].dwg,Layout2,20-07-2023 23:08:40,vijju,DWG To PDF.pc3,ISO A4 (297.00 x 210.00 MM),1:1,
C:\Users\vijju\AppData\Local\Microsoft\Windows\INetCache\IE\IH5YYKY4\lines4[1].dwg,Layout2,20-07-2023 23:09:17,vijju,DWG To PDF.pc3,ISO A4 (297.00 x 210.00 MM),1:1,
C:\Users\vijju\AppData\Local\Microsoft\Windows\INetCache\IE\Z5R43S0E\points_1[1].dwg,Layout2,20-07-2023 23:09:58,vijju,DWG To PDF.pc3,ISO A4 (297.00 x 210.00 MM),1:1,
C:\Users\vijju\AppData\Local\Microsoft\Windows\INetCache\IE\6PO52LRM\points_3[1].dwg,Layout2,20-07-2023 23:10:35,vijju,DWG To PDF.pc3,ISO A4 (297.00 x 210.00 MM),1:1,
C:\Users\vijju\AppData\Local\Microsoft\Windows\INetCache\IE\6P216KHG\points4[1].dwg,Layout2,20-07-2023 23:11:23,vijju,DWG To PDF.pc3,ISO A4 (297.00 x 210.00 MM),1:1,
C:\Users\vijju\AppData\Local\Microsoft\Windows\INetCache\IE\IH5YYKY4\points_3[1].dwg,Layout2,20-07-2023 23:11:57,vijju,DWG To PDF.pc3,ISO A4 (297.00 x 210.00 MM),1:1,
C:\Users\vijju\AppData\Local\Microsoft\Windows\INetCache\IE\6PO52LRM\solids2[1].dwg,Layout2,20-07-2023 23:12:41,vijju,DWG To PDF.pc3,ISO A4 (297.00 x 210.00 MM),1:1,
C:\Users\vijju\AppData\Local\Microsoft\Windows\INetCache\IE\Z5R43S0E\solids1[1].dwg,Layout1,20-07-2023 23:13:12,vijju,DWG To PDF.pc3,ISO A4 (297.00 x 210.00 MM),1:1,
C:\Users\vijju\AppData\Local\Microsoft\Windows\INetCache\IE\6PO52LRM\Solids_4[1].dwg,Layout1,20-07-2023 23:13:47,vijju,DWG To PDF.pc3,ISO A4 (297.00 x 210.00 MM),1:1,
C:\Users\vijju\AppData\Local\Microsoft\Windows\INetCache\IE\6P216KHG\Solids_5[1].dwg,Layout2,20-07-2023 23:14:26,vijju,DWG To PDF.pc3,ISO A4 (297.00 x 210.00 MM),1:0.0393701,
C:\Users\vijju\AppData\Local\Microsoft\Windows\INetCache\IE\IH5YYKY4\planes3[1].dwg,Layout2,20-07-2023 23:14:59,vijju,DWG To PDF.pc3,ISO A4 (297.00 x 210.00 MM),1:1,
C:\Users\vijju\AppData\Local\Microsoft\Windows\INetCache\IE\6PO52LRM\isometric_to_ortho1[1].dwg,Model,20-07-2023 23:16:46,vijju,DWG To PDF.pc3,ISO A4 (297.00 x 210.00 MM),1:5.3025,
C:\Users\vijju\AppData\Local\Microsoft\Windows\INetCache\IE\Z5R43S0E\lines5[1].dwg,Layout2,20-07-2023 23:17:22,vijju,DWG To PDF.pc3,ISO A4 (297.00 x 210.00 MM),1:1,
C:\Users\vijju\AppData\Local\Microsoft\Windows\INetCache\IE\6P216KHG\Isometric_to_otho_1[1].dwg,Layout2,20-07-2023 23:18:05,vijju,DWG To PDF.pc3,ISO A4 (297.00 x 210.00 MM),1:1,
C:\Users\vijju\AppData\Local\Microsoft\Windows\INetCache\IE\IH5YYKY4\planes4[1].dwg,Layout2,20-07-2023 23:18:40,vijju,DWG To PDF.pc3,ISO A4 (297.00 x 210.00 MM),1:1,
C:\Users\vijju\AppData\Local\Microsoft\Windows\INetCache\IE\Z5R43S0E\ortho_to_isometric1[1].dwg,Layout1,20-07-2023 23:19:11,vijju,DWG To PDF.pc3,ISO A4 (297.00 x 210.00 MM),1:1,
C:\Users\vijju\AppData\Local\Microsoft\Windows\INetCache\IE\6PO52LRM\ortho_to_isometric_2[1].dwg,Layout2,20-07-2023 23:19:42,vijju,DWG To PDF.pc3,ISO A4 (297.00 x 210.00 MM),1:1,
C:\windows\system32\Drawing7.dwg,Layout1,21-07-2023 14:50:12,vijju,DWG To PDF.pc3,ISO A4 (297.00 x 210.00 MM),1:1,
C:\Users\vijju\OneDrive\Documents\Drawing2.dwg,Layout1,21-07-2023 15:30:07,vijju,DWG To PDF.pc3,ISO A4 (297.00 x 210.00 MM),1:1,
C:\Users\vijju\OneDrive\Documents\Drawing3.dwg,Layout1,21-07-2023 15:35:50,vijju,DWG To PDF.pc3,ISO A4 (297.00 x 210.00 MM),1:1,
C:\Users\vijju\Downloads\ellipse1.dwg,Layout1,16-10-2023 22:00:02,vijju,DWG To PDF.pc3,ISO A4 (297.00 x 210.00 MM),1:1,
C:\Users\vijju\Downloads\ellipse1 (1).dwg,Layout1,16-10-2023 22:09:13,vijju,DWG To PDF.pc3,ISO A4 (210.00 x 297.00 MM),1:1,
C:\Users\vijju\Downloads\PARABOLA 2 (2).dwg,Layout1,16-10-2023 22:13:08,vijju,DWG To PDF.pc3,ISO A4 (210.00 x 297.00 MM),1:0.0393701,
C:\Users\vijju\Downloads\PARABOLA (1).dwg,Layout2,09-11-2023 21:00:45,vijju,DWG To PDF.pc3,ISO A4 (210.00 x 297.00 MM),1:1,
C:\Users\vijju\Downloads\inovate eqalate triangle.dwg,Layout1,09-11-2023 21:30:33,vijju,DWG To PDF.pc3,ISO A4 (210.00 x 297.00 MM),1:1,
